<?xml version="1.0" encoding="UTF-8"?>
<beans xmlns="http://www.springframework.org/schema/beans" xmlns:xsi="http://www.w3.org/2001/XMLSchema-instance" xmlns:util="http://www.springframework.org/schema/util" xmlns:context="http://www.springframework.org/schema/context"
	xsi:schemaLocation="http://www.springframework.org/schema/beans http://www.springframework.org/schema/beans/spring-beans-3.2.xsd
		http://www.springframework.org/schema/util http://www.springframework.org/schema/util/spring-util-3.2.xsd
		http://www.springframework.org/schema/context http://www.springframework.org/schema/context/spring-context-3.2.xsd">
		
	<util:properties id="defaultProperties">
 		<prop key="vwell.data.path">/Users/sil-010/Downloads/vwell-data/</prop>
 		
		<!-- Database connection properties -->
 		<prop key="database.class">com.mysql.jdbc.Driver</prop>
		<prop key="database.url">jdbc:mysql://localhost:3306/vwell_test?useUnicode=true&amp;connectionCollation=utf8_general_ci&amp;characterSetResults=utf8&amp;characterEncoding=utf8</prop>
		<prop key="database.username">root</prop>
		<prop key="database.password"></prop>
	
		<!-- hibernateVendor properties -->
		<prop key="hibernate.database">MYSQL</prop>
		<prop key="hibernate.dialect">org.hibernate.dialect.MySQL5Dialect</prop>
		<prop key="hibernate.generateDdl">true</prop>
		<prop key="hibernate.show_sql">false</prop>
		
		<!-- JPA properties -->
		<prop key="hibernate.hbm2ddl.auto">update</prop>
		<prop key="hibernate.format_sql">true</prop>
		
		<prop key="redis.host">14.63.212.123</prop>
		<prop key="redis.port">16379</prop>
		<prop key="redis.pass"></prop>
	</util:properties>
</beans>